This is pdfTeX, Version 3.14159265-2.6-1.40.21 (MiKTeX 20.12 32-bit) (preloaded format=pdflatex 2021.1.17)  24 FEB 2021 18:42
entering extended mode
**./report.tex
(report.tex
LaTeX2e <2020-10-01> patch level 4
L3 programming layer <2021-01-09> xparse <2020-03-03>
(E:\MiKTeX\tex/latex/memoir\memoir.cls
Document Class: memoir 2020/10/04 v3.7n configurable book, report, article docu
ment class
\onelineskip=\skip47
\lxvchars=\skip48
\xlvchars=\skip49
\@memcnta=\count177
\c@@memmarkcntra=\count178
(E:\MiKTeX\tex/generic/iftex\iftex.sty
Package: iftex 2020/03/06 v1.0d TeX engine tests
)
\stockheight=\skip50
\stockwidth=\skip51
\trimtop=\skip52
\trimedge=\skip53
 (E:\MiKTeX\tex/latex/memoir\mem12.clo
File: mem12.clo 2010/10/19 v0.4b memoir class 12pt size option
)
\binding=\skip54
\spinemargin=\skip55
\foremargin=\skip56
\uppermargin=\skip57
\lowermargin=\skip58
\headdrop=\skip59
\normalrulethickness=\skip60
\mem@maxheadheight=\skip61
\mem@maxfootheight=\skip62
\headwidth=\skip63
\c@storedpagenumber=\count179
\memPD=\dimen138
\m@mabparskip=\skip64
\thanksmarkwidth=\skip65
\thanksmarksep=\skip66
\droptitle=\skip67
\c@book=\count180
\c@part=\count181
\c@chapter=\count182
\c@section=\count183
\c@subsection=\count184
\c@subsubsection=\count185
\c@paragraph=\count186
\c@subparagraph=\count187
\beforechapskip=\skip68
\midchapskip=\skip69
\afterchapskip=\skip70
\chapindent=\skip71
\bottomsectionskip=\skip72
\secindent=\skip73
\beforesecskip=\skip74
\aftersecskip=\skip75
\subsecindent=\skip76
\beforesubsecskip=\skip77
\aftersubsecskip=\skip78
\subsubsecindent=\skip79
\beforesubsubsecskip=\skip80
\aftersubsubsecskip=\skip81
\paraindent=\skip82
\beforeparaskip=\skip83
\afterparaskip=\skip84
\subparaindent=\skip85
\beforesubparaskip=\skip86
\aftersubparaskip=\skip87
\pfbreakskip=\skip88
\c@@ppsavesec=\count188
\c@@ppsaveapp=\count189
\ragrparindent=\dimen139
\everylistparindent=\dimen140
\parsepi=\skip89
\topsepi=\skip90
\itemsepi=\skip91
\parsepii=\skip92
\topsepii=\skip93
\topsepiii=\skip94
\itemsepii=\skip95
\itemsepiii=\skip96
\partopsepii=\skip97
\partopsepiii=\skip98
\m@msavetopsep=\skip99
\m@msavepartopsep=\skip100
\@enLab=\toks15
\abstitleskip=\skip101
\absleftindent=\skip102
\abs@leftindent=\dimen141
\absrightindent=\skip103
\absparindent=\skip104
\absparsep=\skip105
\c@vslineno=\count190
\c@poemline=\count191
\c@modulo@vs=\count192
\c@memfvsline=\count193
\vleftskip=\skip106
\vrightskip=\skip107
\stanzaskip=\skip108
\versewidth=\skip109
\vgap=\skip110
\vindent=\skip111
\vleftmargin=\dimen142
\c@verse=\count194
\c@chrsinstr=\count195
\beforepoemtitleskip=\skip112
\afterpoemtitleskip=\skip113
\c@poem=\count196
\beforePoemTitleskip=\skip114
\midPoemTitleskip=\skip115
\afterPoemTitleskip=\skip116

(E:\MiKTeX\tex/latex/latex-tools\array.sty
Package: array 2020/10/01 v2.5c Tabular extension package (FMi)
\col@sep=\dimen143
\ar@mcellbox=\box47
\extrarowheight=\dimen144
\NC@list=\toks16
\extratabsurround=\skip117
\backup@length=\skip118
\ar@cellbox=\box48
)
(E:\MiKTeX\tex/latex/latex-tools\dcolumn.sty
Package: dcolumn 2014/10/28 v1.06 decimal alignment package (DPC)
)
(E:\MiKTeX\tex/latex/latex-tools\delarray.sty
Package: delarray 2014/10/28 v1.01 array delimiter package (DPC)
)
(E:\MiKTeX\tex/latex/latex-tools\tabularx.sty
Package: tabularx 2020/01/15 v2.11c `tabularx' package (DPC)
\TX@col@width=\dimen145
\TX@old@table=\dimen146
\TX@old@col=\dimen147
\TX@target=\dimen148
\TX@delta=\dimen149
\TX@cols=\count197
\TX@ftn=\toks17
)
\heavyrulewidth=\dimen150
\lightrulewidth=\dimen151
\cmidrulewidth=\dimen152
\belowrulesep=\dimen153
\belowbottomsep=\dimen154
\aboverulesep=\dimen155
\abovetopsep=\dimen156
\cmidrulesep=\dimen157
\cmidrulekern=\dimen158
\defaultaddspace=\dimen159
\@cmidla=\count198
\@cmidlb=\count199
\@aboverulesep=\dimen160
\@belowrulesep=\dimen161
\@thisruleclass=\count266
\@lastruleclass=\count267
\@thisrulewidth=\dimen162
\ctableftskip=\skip119
\ctabrightskip=\skip120
\abovecolumnspenalty=\count268
\@linestogo=\count269
\@cellstogo=\count270
\@cellsincolumn=\count271
\crtok=\toks18
\@mincolumnwidth=\dimen163
\c@newflo@tctr=\count272
\mem@margin@floatbox=\box49
\@contcwidth=\skip121
\@contindw=\skip122
\abovecaptionskip=\skip123
\belowcaptionskip=\skip124
\subfloattopskip=\skip125
\subfloatcapskip=\skip126
\subfloatcaptopadj=\skip127
\subfloatbottomskip=\skip128
\subfloatlabelskip=\skip129
\subfloatcapmargin=\dimen164
\c@@contsubnum=\count273
\m@mscap@capbox=\box50
\m@mscap@fbox=\box51
\sidecapsep=\dimen165
\sidecapwidth=\dimen166
\m@m@tempdima=\dimen167
\m@mscapraise=\dimen168
\sidecapraise=\dimen169
\m@mscapmainwidth=\dimen170
\m@mscaplkern=\dimen171
\beforeepigraphskip=\skip130
\afterepigraphskip=\skip131
\epigraphwidth=\skip132
\epigraphrule=\skip133
LaTeX Info: Redefining \em on input line 7678.
LaTeX Info: Redefining \emph on input line 7686.
\tocentryskip=\skip134
\tocbaseline=\skip135
\cftparskip=\skip136
\cftbeforebookskip=\skip137
\cftbookindent=\dimen172
\cftbooknumwidth=\dimen173
\cftbeforepartskip=\skip138
\cftpartindent=\skip139
\cftpartnumwidth=\skip140
\cftbeforechapterskip=\skip141
\cftchapterindent=\skip142
\cftchapternumwidth=\skip143
\cftbeforesectionskip=\skip144
\cftsectionindent=\skip145
\cftsectionnumwidth=\skip146
\cftbeforesubsectionskip=\skip147
\cftsubsectionindent=\skip148
\cftsubsectionnumwidth=\skip149
\cftbeforesubsubsectionskip=\skip150
\cftsubsubsectionindent=\skip151
\cftsubsubsectionnumwidth=\skip152
\cftbeforeparagraphskip=\skip153
\cftparagraphindent=\skip154
\cftparagraphnumwidth=\skip155
\cftbeforesubparagraphskip=\skip156
\cftsubparagraphindent=\skip157
\cftsubparagraphnumwidth=\skip158
\prechapterprecisshift=\dimen174
\c@maxsecnumdepth=\count274
\bibindent=\dimen175
\bibitemsep=\skip159
\indexcolsep=\skip160
\indexrule=\skip161
\indexmarkstyle=\toks19
\@indexbox=\insert252
\glossarycolsep=\dimen176
\glossaryrule=\dimen177
\sideparvshift=\skip162
\sideins=\insert251
\sidebartopsep=\skip163
\sidebarhsep=\skip164
\sidebarvsep=\skip165
\sidebarwidth=\skip166
\footmarkwidth=\skip167
\footmarksep=\skip168
\footparindent=\skip169
\footinsdim=\skip170
\footinsv@r=\insert250
\@mpfootinsv@r=\insert249
\m@m@k=\count275
\m@m@h=\dimen178
\m@mipn@skip=\skip171
\sidefootins=\insert248
\sidefootadjust=\skip172
\sidefootheight=\skip173
\sidefoothsep=\skip174
\sidefootvsep=\skip175
\sidefootwidth=\skip176
\m@mdownsf=\skip177
\c@sidefootnote=\count276
\sidefootmarkwidth=\skip178
\sidefootmarksep=\skip179
\sidefootparindent=\skip180
\c@pagenote=\count277
\c@pagenoteshadow=\count278
\mem@pn@lastkern=\skip181
\every@verbatim=\toks20
\afterevery@verbatim=\toks21
\verbatim@line=\toks22
\tab@position=\count279
\verbatim@in@stream=\read2
\verbatimindent=\skip182
\verbatim@out=\write3
\bvboxsep=\skip183
\c@memfbvline=\count280
\c@bvlinectr=\count281
\bvnumlength=\skip184
\fb@frw=\dimen179
\fb@frh=\dimen180
\FrameRule=\dimen181
\FrameSep=\dimen182
\c@cp@cntr=\count282
\c@ism@mctr=\count283
\c@xsm@mctr=\count284
\c@csm@mctr=\count285
\c@ksm@mctr=\count286
\c@xksm@mctr=\count287
\c@cksm@mctr=\count288
\c@msm@mctr=\count289
\c@xmsm@mctr=\count290
\c@cmsm@mctr=\count291
\c@bsm@mctr=\count292
\c@workm@mctr=\count293
\c@sheetsequence=\count294
\c@lastsheet=\count295
\c@lastpage=\count296

(E:\MiKTeX\tex/latex/textcase\textcase.sty
Package: textcase 2019/09/14 v1.00 Text only upper/lower case changing (DPC)
)
\c@figure=\count297
\c@lofdepth=\count298
\cftbeforefigureskip=\skip185
\cftfigureindent=\skip186
\cftfigurenumwidth=\skip187
\c@table=\count299
\c@lotdepth=\count300
\cftbeforetableskip=\skip188
\cfttableindent=\skip189
\cfttablenumwidth=\skip190
Package abstract [2008/07/23] emulated by memoir.
Package appendix [2008/07/23] emulated by memoir.
Package booktabs [2016/05/16] emulated by memoir.
Package ccaption [2008/07/23] emulated by memoir.
Package changepage [2008/07/23] emulated by memoir.
Package chngcntr [2008/07/23] emulated by memoir.
Package chngpage [2008/07/23] emulated by memoir.
Package crop emulated by memoir.
Package enumerate [2008/07/23] emulated by memoir.
Package epigraph [2008/07/23] emulated by memoir.
Package ifmtarg [2008/07/23] emulated by memoir.
Package index [2008/07/23] emulated by memoir.
Package makeidx [2008/07/23] emulated by memoir.
Package moreverb [2008/07/23] emulated by memoir.
Package mparhack [2008/07/23] emulated by memoir.
Package needspace [2008/07/23] emulated by memoir.
Package newfile [2008/07/23] emulated by memoir.
Package nextpage [2008/07/23] emulated by memoir.
Package pagenote [2008/07/23] emulated by memoir.
Package parskip [2008/07/23] emulated by memoir.
Package patchcmd [2008/07/23] emulated by memoir.
Package setspace [2008/07/23] emulated by memoir.
Package shortvrb [2008/07/23] emulated by memoir.
Package showidx [2008/07/23] emulated by memoir.
Package titleref [2008/07/23] emulated by memoir.
Package titling [2008/07/23] emulated by memoir.
Package tocbibind [2008/07/23] emulated by memoir.
Package tocloft [2008/07/23] emulated by memoir.
Package tocvsec2 [2008/07/23] emulated by memoir.
Package verbatim [2008/07/23] emulated by memoir.
Package verse [2008/07/23] emulated by memoir.
)
(E:\MiKTeX\tex/latex/graphics\graphicx.sty
Package: graphicx 2020/09/09 v1.2b Enhanced LaTeX Graphics (DPC,SPQR)

(E:\MiKTeX\tex/latex/graphics\keyval.sty
Package: keyval 2014/10/28 v1.15 key=value parser (DPC)
\KV@toks@=\toks23
)
(E:\MiKTeX\tex/latex/graphics\graphics.sty
Package: graphics 2020/08/30 v1.4c Standard LaTeX Graphics (DPC,SPQR)

(E:\MiKTeX\tex/latex/graphics\trig.sty
Package: trig 2016/01/03 v1.10 sin cos tan (DPC)
)
(E:\MiKTeX\tex/latex/graphics-cfg\graphics.cfg
File: graphics.cfg 2016/06/04 v1.11 sample graphics configuration
)
Package graphics Info: Driver file: pdftex.def on input line 105.

(E:\MiKTeX\tex/latex/graphics-def\pdftex.def
File: pdftex.def 2020/10/05 v1.2a Graphics/color driver for pdftex
))
\Gin@req@height=\dimen183
\Gin@req@width=\dimen184
)
(E:\MiKTeX\tex/generic/babel\babel.sty
Package: babel 2020/12/16 3.52 The Babel package
 (E:\MiKTeX\tex/generic/babel\babel.def
File: babel.def 2020/12/16 3.52 Babel common definitions
\babel@savecnt=\count301
\U@D=\dimen185
\l@babelnohyphens=\language79

(E:\MiKTeX\tex/generic/babel\txtbabel.def)
\bbl@readstream=\read3
)
\bbl@dirlevel=\count302

*************************************
* Local config file bblopts.cfg used
*
(E:\MiKTeX\tex/latex/arabi\bblopts.cfg
File: bblopts.cfg 2005/09/08 v0.1 add Arabic and Farsi to "declared" options of
 babel
)
(E:\MiKTeX\tex/latex/babel-english\english.ldf
Language: english 2017/06/06 v3.3r English support from the babel system
Package babel Info: \l@canadian = using hyphenrules for english
(babel)             (\language0) on input line 102.
Package babel Info: \l@australian = using hyphenrules for ukenglish
(babel)             (\language73) on input line 105.
Package babel Info: \l@newzealand = using hyphenrules for ukenglish
(babel)             (\language73) on input line 108.
))
(E:\MiKTeX\tex/latex/geometry\geometry.sty
Package: geometry 2020/01/02 v5.9 Page Geometry

(E:\MiKTeX\tex/generic/iftex\ifvtex.sty
Package: ifvtex 2019/10/25 v1.7 ifvtex legacy package. Use iftex instead.
)
\Gm@cnth=\count303
\Gm@cntv=\count304
\c@Gm@tempcnt=\count305
\Gm@bindingoffset=\dimen186
\Gm@wd@mp=\dimen187
\Gm@odd@mp=\dimen188
\Gm@even@mp=\dimen189
\Gm@layoutwidth=\dimen190
\Gm@layoutheight=\dimen191
\Gm@layouthoffset=\dimen192
\Gm@layoutvoffset=\dimen193
\Gm@dimlist=\toks24

(E:\MiKTeX\tex/latex/geometry\geometry.cfg))
(E:\MiKTeX\tex/latex/hyperref\hyperref.sty
Package: hyperref 2020-05-15 v7.00e Hypertext links for LaTeX

(E:\MiKTeX\tex/generic/ltxcmds\ltxcmds.sty
Package: ltxcmds 2020-05-10 v1.25 LaTeX kernel commands for general use (HO)
)
(E:\MiKTeX\tex/generic/pdftexcmds\pdftexcmds.sty
Package: pdftexcmds 2020-06-27 v0.33 Utility functions of pdfTeX for LuaTeX (HO
)

(E:\MiKTeX\tex/generic/infwarerr\infwarerr.sty
Package: infwarerr 2019/12/03 v1.5 Providing info/warning/error messages (HO)
)
Package pdftexcmds Info: \pdf@primitive is available.
Package pdftexcmds Info: \pdf@ifprimitive is available.
Package pdftexcmds Info: \pdfdraftmode found.
)
(E:\MiKTeX\tex/generic/kvsetkeys\kvsetkeys.sty
Package: kvsetkeys 2019/12/15 v1.18 Key value parser (HO)
)
(E:\MiKTeX\tex/generic/kvdefinekeys\kvdefinekeys.sty
Package: kvdefinekeys 2019-12-19 v1.6 Define keys (HO)
)
(E:\MiKTeX\tex/generic/pdfescape\pdfescape.sty
Package: pdfescape 2019/12/09 v1.15 Implements pdfTeX's escape features (HO)
)
(E:\MiKTeX\tex/latex/hycolor\hycolor.sty
Package: hycolor 2020-01-27 v1.10 Color options for hyperref/bookmark (HO)
)
(E:\MiKTeX\tex/latex/letltxmacro\letltxmacro.sty
Package: letltxmacro 2019/12/03 v1.6 Let assignment for LaTeX macros (HO)
)
(E:\MiKTeX\tex/latex/auxhook\auxhook.sty
Package: auxhook 2019-12-17 v1.6 Hooks for auxiliary files (HO)
)
(E:\MiKTeX\tex/latex/kvoptions\kvoptions.sty
Package: kvoptions 2020-10-07 v3.14 Key value format for package options (HO)
)
\@linkdim=\dimen194
\Hy@linkcounter=\count306
\Hy@pagecounter=\count307

(E:\MiKTeX\tex/latex/hyperref\pd1enc.def
File: pd1enc.def 2020-05-15 v7.00e Hyperref: PDFDocEncoding definition (HO)
Now handling font encoding PD1 ...
... no UTF-8 mapping file for font encoding PD1
)
(E:\MiKTeX\tex/generic/intcalc\intcalc.sty
Package: intcalc 2019/12/15 v1.3 Expandable calculations with integers (HO)
)
(E:\MiKTeX\tex/generic/etexcmds\etexcmds.sty
Package: etexcmds 2019/12/15 v1.7 Avoid name clashes with e-TeX commands (HO)
)
\Hy@SavedSpaceFactor=\count308
Package hyperref Info: Hyper figures OFF on input line 4464.
Package hyperref Info: Link nesting OFF on input line 4469.
Package hyperref Info: Hyper index ON on input line 4472.
Package hyperref Info: Plain pages OFF on input line 4479.
Package hyperref Info: Backreferencing OFF on input line 4484.
Package hyperref Info: Implicit mode ON; LaTeX internals redefined.
Package hyperref Info: Bookmarks ON on input line 4717.
\c@Hy@tempcnt=\count309
 (E:\MiKTeX\tex/latex/url\url.sty
\Urlmuskip=\muskip16
Package: url 2013/09/16  ver 3.4  Verb mode for urls, etc.
)
LaTeX Info: Redefining \url on input line 5076.
\XeTeXLinkMargin=\dimen195
(E:\MiKTeX\tex/generic/bitset\bitset.sty
Package: bitset 2019/12/09 v1.3 Handle bit-vector datatype (HO)

(E:\MiKTeX\tex/generic/bigintcalc\bigintcalc.sty
Package: bigintcalc 2019/12/15 v1.5 Expandable calculations on big integers (HO
)
))
\Fld@menulength=\count310
\Field@Width=\dimen196
\Fld@charsize=\dimen197
Package hyperref Info: Hyper figures OFF on input line 6347.
Package hyperref Info: Link nesting OFF on input line 6352.
Package hyperref Info: Hyper index ON on input line 6355.
Package hyperref Info: backreferencing OFF on input line 6362.
Package hyperref Info: Link coloring OFF on input line 6367.
Package hyperref Info: Link coloring with OCG OFF on input line 6372.
Package hyperref Info: PDF/A mode OFF on input line 6377.
LaTeX Info: Redefining \ref on input line 6417.
LaTeX Info: Redefining \pageref on input line 6421.

(E:\MiKTeX\tex/latex/base\atbegshi-ltx.sty
Package: atbegshi-ltx 2020/08/17 v1.0a Emulation of the original atbegshi packa
ge
with kernel methods
)
\Hy@abspage=\count311
\c@Item=\count312
\c@Hfootnote=\count313
)
(E:\MiKTeX\tex/latex/memoir\memhfixc.sty
Package: memhfixc 2019/10/24 v1.18 nameref/hyperref package fixes for memoir cl
ass
\c@memhycontfloat=\count314
\c@Hpagenote=\count315
)
Package hyperref Info: Driver (autodetected): hpdftex.

(E:\MiKTeX\tex/latex/hyperref\hpdftex.def
File: hpdftex.def 2020-05-15 v7.00e Hyperref driver for pdfTeX

(E:\MiKTeX\tex/latex/base\atveryend-ltx.sty
Package: atveryend-ltx 2020/08/19 v1.0a Emulation of the original atvery packag
e
with kernel methods
)
\Fld@listcount=\count316
\c@bookmark@seq@number=\count317

(E:\MiKTeX\tex/latex/rerunfilecheck\rerunfilecheck.sty
Package: rerunfilecheck 2019/12/05 v1.9 Rerun checks for auxiliary files (HO)

(E:\MiKTeX\tex/generic/uniquecounter\uniquecounter.sty
Package: uniquecounter 2019/12/15 v1.4 Provide unlimited unique counter (HO)
)
Package uniquecounter Info: New unique counter `rerunfilecheck' on input line 2
86.
)
\Hy@SectionHShift=\skip191
)
(E:\MiKTeX\tex/latex/listings\listings.sty
\lst@mode=\count318
\lst@gtempboxa=\box52
\lst@token=\toks25
\lst@length=\count319
\lst@currlwidth=\dimen198
\lst@column=\count320
\lst@pos=\count321
\lst@lostspace=\dimen199
\lst@width=\dimen256
\lst@newlines=\count322
\lst@lineno=\count323
\lst@maxwidth=\dimen257

(E:\MiKTeX\tex/latex/listings\lstmisc.sty
File: lstmisc.sty 2020/03/24 1.8d (Carsten Heinz)
\c@lstnumber=\count324
\lst@skipnumbers=\count325
\lst@framebox=\box53
)
(E:\MiKTeX\tex/latex/listings\listings.cfg
File: listings.cfg 2020/03/24 1.8d listings configuration
))
Package: listings 2020/03/24 1.8d (Carsten Heinz)

(E:\MiKTeX\tex/latex/pdfpages\pdfpages.sty
Package: pdfpages 2021/01/09 v0.5r Insert pages of external PDF documents (AM)
 (E:\MiKTeX\tex/latex/base\ifthen.sty
Package: ifthen 2014/09/29 v1.1c Standard LaTeX ifthen package (DPC)
) (E:\MiKTeX\tex/latex/latex-tools\calc.sty
Package: calc 2017/05/25 v4.3 Infix arithmetic (KKT,FJ)
\calc@Acount=\count326
\calc@Bcount=\count327
\calc@Adimen=\dimen258
\calc@Bdimen=\dimen259
\calc@Askip=\skip192
\calc@Bskip=\skip193
LaTeX Info: Redefining \setlength on input line 80.
LaTeX Info: Redefining \addtolength on input line 81.
\calc@Ccount=\count328
\calc@Cskip=\skip194
)
(E:\MiKTeX\tex/latex/eso-pic\eso-pic.sty
Package: eso-pic 2020/10/14 v3.0a eso-pic (RN)
\ESO@tempdima=\dimen260
\ESO@tempdimb=\dimen261
 (E:\MiKTeX\tex/latex/xcolor\xcolor.sty
Package: xcolor 2016/05/11 v2.12 LaTeX color extensions (UK)
(E:\MiKTeX\tex/latex/graphics-cfg\color.cfg
File: color.cfg 2016/01/02 v1.6 sample color configuration
)
Package xcolor Info: Driver file: pdftex.def on input line 225.
Package xcolor Info: Model `cmy' substituted by `cmy0' on input line 1348.
Package xcolor Info: Model `hsb' substituted by `rgb' on input line 1352.
Package xcolor Info: Model `RGB' extended on input line 1364.
Package xcolor Info: Model `HTML' substituted by `rgb' on input line 1366.
Package xcolor Info: Model `Hsb' substituted by `hsb' on input line 1367.
Package xcolor Info: Model `tHsb' substituted by `hsb' on input line 1368.
Package xcolor Info: Model `HSB' substituted by `hsb' on input line 1369.
Package xcolor Info: Model `Gray' substituted by `gray' on input line 1370.
Package xcolor Info: Model `wave' substituted by `hsb' on input line 1371.
))
\AM@pagewidth=\dimen262
\AM@pageheight=\dimen263

(E:\MiKTeX\tex/latex/pdfpages\pppdftex.def
File: pppdftex.def 2021/01/09 v0.5r Pdfpages driver for pdfTeX (AM)
)
\pdfpages@includegraphics@status=\count329
\AM@pagebox=\box54
\AM@global@opts=\toks26
\AM@pagecnt=\count330
\AM@toc@title=\toks27
\c@AM@survey=\count331
\AM@templatesizebox=\box55
)
(E:\MiKTeX\tex/latex/float\float.sty
Package: float 2001/11/08 v1.3d Float enhancements (AL)
\c@float@type=\count332
\float@exts=\toks28
\float@box=\box56
\@float@everytoks=\toks29
\@floatcapt=\box57
)
(E:\MiKTeX\tex/latex/latex-tools\afterpage.sty
Package: afterpage 2014/10/28 v1.08 After-Page Package (DPC)
\AP@output=\toks30
\AP@partial=\box58
\AP@footins=\box59
)
(E:\MiKTeX\tex/latex/amsmath\amsmath.sty
Package: amsmath 2020/09/23 v2.17i AMS math features
\@mathmargin=\skip195

For additional information on amsmath, use the `?' option.
(E:\MiKTeX\tex/latex/amsmath\amstext.sty
Package: amstext 2000/06/29 v2.01 AMS text

(E:\MiKTeX\tex/latex/amsmath\amsgen.sty
File: amsgen.sty 1999/11/30 v2.0 generic functions
\@emptytoks=\toks31
\ex@=\dimen264
))
(E:\MiKTeX\tex/latex/amsmath\amsbsy.sty
Package: amsbsy 1999/11/29 v1.2d Bold Symbols
\pmbraise@=\dimen265
)
(E:\MiKTeX\tex/latex/amsmath\amsopn.sty
Package: amsopn 2016/03/08 v2.02 operator names
)
\inf@bad=\count333
LaTeX Info: Redefining \frac on input line 234.
\uproot@=\count334
\leftroot@=\count335
LaTeX Info: Redefining \overline on input line 399.
\classnum@=\count336
\DOTSCASE@=\count337
LaTeX Info: Redefining \ldots on input line 496.
LaTeX Info: Redefining \dots on input line 499.
LaTeX Info: Redefining \cdots on input line 620.
\Mathstrutbox@=\box60
\strutbox@=\box61
\big@size=\dimen266
LaTeX Font Info:    Redeclaring font encoding OML on input line 743.
LaTeX Font Info:    Redeclaring font encoding OMS on input line 744.
\macc@depth=\count338
\c@MaxMatrixCols=\count339
\dotsspace@=\muskip17
\c@parentequation=\count340
\dspbrk@lvl=\count341
\tag@help=\toks32
\row@=\count342
\column@=\count343
\maxfields@=\count344
\andhelp@=\toks33
\eqnshift@=\dimen267
\alignsep@=\dimen268
\tagshift@=\dimen269
\tagwidth@=\dimen270
\totwidth@=\dimen271
\lineht@=\dimen272
\@envbody=\toks34
\multlinegap=\skip196
\multlinetaggap=\skip197
\mathdisplay@stack=\toks35
LaTeX Info: Redefining \[ on input line 2923.
LaTeX Info: Redefining \] on input line 2924.
)
(E:\MiKTeX\tex/latex/caption\subcaption.sty
Package: subcaption 2020/10/07 v1.3j Sub-captions (AR)
Class memoir Info: For the caption package to function properly with memoir, we
 will now reset \caption and friends to kernel defaults and then let the
caption package take over. Remember: all caption configuration now goes via the
 caption package interface, not the interface from the memoir class.  on input 
line 42.

(E:\MiKTeX\tex/latex/caption\caption.sty
Package: caption 2020/10/26 v3.5g Customizing captions (AR)

(E:\MiKTeX\tex/latex/caption\caption3.sty
Package: caption3 2020/10/21 v2.2e caption3 kernel (AR)
\captionmargin=\dimen273
\captionmargin@=\dimen274
\captionwidth=\dimen275
\caption@tempdima=\dimen276
\caption@indent=\dimen277
\caption@parindent=\dimen278
\caption@hangindent=\dimen279
Package caption Info: memoir document class detected.

(E:\MiKTeX\tex/latex/caption\caption-memoir.sto
File: caption-memoir.sto 2020/10/10 v2.1 Adaption of the caption package to the
 memoir document class (AR)
))
\c@caption@flags=\count345
\c@continuedfloat=\count346
Package caption Info: changepage package is loaded.
\caption@adjustwidth@hsize=\dimen280
\caption@adjustwidth@linewidth=\dimen281
Package caption Info: float package is loaded.
Package caption Info: hyperref package is loaded.
Package caption Info: listings package is loaded.
)
\c@subfigure=\count347
\c@subtable=\count348
)
(E:\MiKTeX\tex/latex/graphics\rotating.sty
Package: rotating 2016/08/11 v2.16d rotated objects in LaTeX
\c@r@tfl@t=\count349
\rotFPtop=\skip198
\rotFPbot=\skip199
\rot@float@box=\box62
\rot@mess@toks=\toks36
) (E:\MiKTeX\tex/latex/mwe\mwe.sty
Package: mwe 2018/03/30 v0.5 Package to support minimal working examples (MWE)

(E:\MiKTeX\tex/latex/lipsum\lipsum.sty (E:\MiKTeX\tex/latex/l3kernel\expl3.sty
Package: expl3 2021-01-09 L3 programming layer (loader) 

(E:\MiKTeX\tex/latex/l3backend\l3backend-pdftex.def
File: l3backend-pdftex.def 2021-01-09 L3 backend support: PDF output (pdfTeX)
\l__kernel_color_stack_int=\count350
\l__pdf_internal_box=\box63
))
(E:\MiKTeX\tex/latex/l3packages/xparse\xparse.sty
Package: xparse 2020-10-27 L3 Experimental document command parser

(E:\MiKTeX\tex/latex/l3packages/xparse\xparse-generic.tex))
Package: lipsum 2019/01/02 v2.2 150 paragraphs of Lorem Ipsum dummy text

(E:\MiKTeX\tex/latex/lipsum\lipsum.ltd.tex
File: lipsum.ltd.tex 2019/01/02 v2.2 The Lorem ipsum dummy text
))
(E:\MiKTeX\tex/latex/blindtext\blindtext.sty
Package: blindtext 2012/01/06 V2.0 blindtext-Package

(E:\MiKTeX\tex/latex/latex-tools\xspace.sty
Package: xspace 2014/10/28 v1.13 Space after command names (DPC,MH)
)
\c@blindtext=\count351
\c@Blindtext=\count352
\c@blind@countparstart=\count353
\blind@countxx=\count354
\blindtext@numBlindtext=\count355
\blind@countyy=\count356
\c@blindlist=\count357
\c@blindlistlevel=\count358
\c@blindlist@level=\count359
\blind@listitem=\count360
\c@blind@listcount=\count361
\c@blind@levelcount=\count362
\blind@mathformula=\count363
\blind@Mathformula=\count364
\c@blind@randomcount=\count365
\c@blind@randommax=\count366
\c@blind@pangramcount=\count367
\c@blind@pangrammax=\count368
))
(E:\MiKTeX\tex/latex/multirow\multirow.sty
Package: multirow 2021/01/29 v2.7 Span multiple rows of a table
\multirow@colwidth=\skip256
\multirow@cntb=\count369
\multirow@dima=\skip257
\bigstrutjot=\dimen282
)
(E:\MiKTeX\tex/latex/wrapfig\wrapfig.sty
\wrapoverhang=\dimen283
\WF@size=\dimen284
\c@WF@wrappedlines=\count370
\WF@box=\box64
\WF@everypar=\toks37
Package: wrapfig 2003/01/31  v 3.6
)
(E:\MiKTeX\tex/latex/moresize\moresize.sty
Package: moresize 1999/07/26 v1.9 (more font sizes)
) (report.aux (title.aux)
(copyright.aux) (preface.aux) (acknowledge.aux) (introduction.aux)
(chapter2.aux) (chapter3.aux) (chapter4.aux) (chapter5.aux) (chapter6.aux)
(appendix.aux))
\openout1 = `report.aux'.

LaTeX Font Info:    Checking defaults for OML/cmm/m/it on input line 60.
LaTeX Font Info:    ... okay on input line 60.
LaTeX Font Info:    Checking defaults for OMS/cmsy/m/n on input line 60.
LaTeX Font Info:    ... okay on input line 60.
LaTeX Font Info:    Checking defaults for OT1/cmr/m/n on input line 60.
LaTeX Font Info:    ... okay on input line 60.
LaTeX Font Info:    Checking defaults for T1/cmr/m/n on input line 60.
LaTeX Font Info:    ... okay on input line 60.
LaTeX Font Info:    Checking defaults for TS1/cmr/m/n on input line 60.
LaTeX Font Info:    ... okay on input line 60.
LaTeX Font Info:    Checking defaults for OMX/cmex/m/n on input line 60.
LaTeX Font Info:    ... okay on input line 60.
LaTeX Font Info:    Checking defaults for U/cmr/m/n on input line 60.
LaTeX Font Info:    ... okay on input line 60.
LaTeX Font Info:    Checking defaults for PD1/pdf/m/n on input line 60.
LaTeX Font Info:    ... okay on input line 60.
 (E:\MiKTeX\tex/context/base/mkii\supp-pdf.mkii
[Loading MPS to PDF converter (version 2006.09.02).]
\scratchcounter=\count371
\scratchdimen=\dimen285
\scratchbox=\box65
\nofMPsegments=\count372
\nofMParguments=\count373
\everyMPshowfont=\toks38
\MPscratchCnt=\count374
\MPscratchDim=\dimen286
\MPnumerator=\count375
\makeMPintoPDFobject=\count376
\everyMPtoPDFconversion=\toks39
) (E:\MiKTeX\tex/latex/epstopdf-pkg\epstopdf-base.sty
Package: epstopdf-base 2020-01-24 v2.11 Base part for package epstopdf
Package epstopdf-base Info: Redefining graphics rule for `.eps' on input line 4
85.
)
*geometry* driver: auto-detecting
*geometry* detected driver: pdftex
*geometry* verbose mode - [ preamble ] result:
* driver: pdftex
* paper: a4paper
* layout: <same size as paper>
* layoutoffset:(h,v)=(0.0pt,0.0pt)
* modes: 
* h-part:(L,W,R)=(89.62709pt, 435.6108pt, 72.26999pt)
* v-part:(T,H,B)=(101.40665pt, 591.5302pt, 152.11pt)
* \paperwidth=597.50787pt
* \paperheight=845.04684pt
* \textwidth=435.6108pt
* \textheight=591.5302pt
* \oddsidemargin=17.3571pt
* \evensidemargin=17.3571pt
* \topmargin=-5.23714pt
* \headheight=14.5pt
* \headsep=19.8738pt
* \topskip=12.0pt
* \footskip=30.0pt
* \marginparwidth=42.0pt
* \marginparsep=7.0pt
* \columnsep=10.0pt
* \skip\footins=12.0pt plus 4.0pt minus 4.0pt
* \hoffset=0.0pt
* \voffset=0.0pt
* \mag=1000
* \@twocolumnfalse
* \@twosidefalse
* \@mparswitchfalse
* \@reversemarginfalse
* (1in=72.27pt=25.4mm, 1cm=28.453pt)

Package hyperref Info: Link coloring OFF on input line 60.
(E:\MiKTeX\tex/latex/hyperref\nameref.sty
Package: nameref 2019/09/16 v2.46 Cross-referencing by name of section

(E:\MiKTeX\tex/latex/refcount\refcount.sty
Package: refcount 2019/12/15 v3.6 Data extraction from label references (HO)
)
(E:\MiKTeX\tex/generic/gettitlestring\gettitlestring.sty
Package: gettitlestring 2019/12/15 v1.6 Cleanup title references (HO)
)
\c@section@level=\count377
)
Redoing nameref's sectioning
Redoing nameref's label
LaTeX Info: Redefining \nameref on input line 60.
LaTeX Info: Redefining \ref on input line 60.
LaTeX Info: Redefining \pageref on input line 60.
LaTeX Info: Redefining \nameref on input line 60.
(report.out) (report.out)
\@outlinefile=\write4
\openout4 = `report.out'.

\c@lstlisting=\count378
 (E:\MiKTeX\tex/latex/pdflscape\pdflscape.sty
Package: pdflscape 2019/12/05 v0.12 Display of landscape pages in PDF (HO)

(E:\MiKTeX\tex/latex/graphics\lscape.sty
Package: lscape 2020/05/28 v3.02 Landscape Pages (DPC)
)
Package pdflscape Info: Auto-detected driver: pdftex on input line 81.
)
Package caption Info: Begin \AtBeginDocument code.
Package caption Info: rotating package is loaded.
Package caption Info: wrapfig package is loaded.
Package caption Info: End \AtBeginDocument code.
\toptafiddle=\skip258
\bottafiddle=\skip259
\openout2 = `title.aux'.

 (title.tex
<images/logo_no_bg copy.png, id=75, 682.04813pt x 627.84563pt>
File: images/logo_no_bg copy.png Graphic file (type png)
<use images/logo_no_bg copy.png>
Package pdftex.def Info: images/logo_no_bg copy.png  used on input line 10.
(pdftex.def)             Requested size: 304.92622pt x 280.6981pt.


LaTeX Font Warning: Font shape `OT1/cmr/m/n' in size <22> not available
(Font)              size <20.74> substituted on input line 14.


LaTeX Font Warning: Font shape `OT1/cmr/bx/n' in size <22> not available
(Font)              size <20.74> substituted on input line 14.

[1


{C:/Users/vivek/AppData/Local/MiKTeX/pdftex/config/pdftex.map} <./images/logo_n
o_bg copy.png>])
\openout2 = `copyright.aux'.

 (copyright.tex [1




])
\openout2 = `preface.aux'.

 (preface.tex

LaTeX Font Warning: Font shape `OT1/cmr/m/n' in size <30> not available
(Font)              size <24.88> substituted on input line 6.


LaTeX Font Warning: Font shape `OT1/cmr/bx/n' in size <30> not available
(Font)              size <24.88> substituted on input line 6.


Underfull \hbox (badness 10000) in paragraph at lines 8--9

 []


Underfull \hbox (badness 10000) in paragraph at lines 10--11

 []


Underfull \hbox (badness 10000) in paragraph at lines 12--13

 []

)pdfTeX warning (ext4): destination with the same identifier (name{page.i}) has
 been already used, duplicate ignored
<to be read again> 
                   \relax 
l.93 	\include{preface}
                        [1




]
\openout2 = `acknowledge.aux'.

 (acknowledge.tex
Underfull \hbox (badness 10000) in paragraph at lines 10--11

 []


Underfull \hbox (badness 10000) in paragraph at lines 12--13

 []


Underfull \hbox (badness 10000) in paragraph at lines 14--15

 []

) [2



] (report.toc)pdfTeX warning (ext4): destination with the same identifier (name
{page.1}) has been already used, duplicate ignored
<to be read again> 
                   \relax 
l.120 	\include{introduction}
                              [1


]
\openout2 = `introduction.aux'.

 (introduction.tex
<images/login_page/login_1.png, id=121, 413.29407pt x 439.6425pt>
File: images/login_page/login_1.png Graphic file (type png)
<use images/login_page/login_1.png>
Package pdftex.def Info: images/login_page/login_1.png  used on input line 7.
(pdftex.def)             Requested size: 261.36913pt x 278.03616pt.
<images/login_page/login_4.png, id=122, 416.30531pt x 440.39531pt>
File: images/login_page/login_4.png Graphic file (type png)
<use images/login_page/login_4.png>
Package pdftex.def Info: images/login_page/login_4.png  used on input line 22.
(pdftex.def)             Requested size: 261.36913pt x 276.503pt.
 [2


 <./images/login_page/login_1.png>]
<images/login_page/login_6.png, id=130, 496.10344pt x 238.64156pt>
File: images/login_page/login_6.png Graphic file (type png)
<use images/login_page/login_6.png>
Package pdftex.def Info: images/login_page/login_6.png  used on input line 28.
(pdftex.def)             Requested size: 392.04704pt x 188.59029pt.
<images/login_page/login_5.png, id=131, 636.12656pt x 197.23688pt>
File: images/login_page/login_5.png Graphic file (type png)
<use images/login_page/login_5.png>
Package pdftex.def Info: images/login_page/login_5.png  used on input line 34.
(pdftex.def)             Requested size: 413.82892pt x 128.31078pt.
<images/login_page/login_2.png, id=132, 416.30531pt x 443.40656pt>
File: images/login_page/login_2.png Graphic file (type png)
<use images/login_page/login_2.png>
Package pdftex.def Info: images/login_page/login_2.png  used on input line 45.
(pdftex.def)             Requested size: 196.02351pt x 208.78676pt.
 [3 <./images/login_page/login_4.png> <./images/login_page/login_6.png> <./imag
es/login_page/login_5.png>]
<images/login_page/login_3.png, id=147, 411.78844pt x 443.40656pt>
File: images/login_page/login_3.png Graphic file (type png)
<use images/login_page/login_3.png>
Package pdftex.def Info: images/login_page/login_3.png  used on input line 53.
(pdftex.def)             Requested size: 196.02351pt x 211.07361pt.
 [4 <./images/login_page/login_2.png> <./images/login_page/login_3.png>]
Underfull \hbox (badness 10000) in paragraph at lines 61--62

 []

<images/login_page/login_7.png, id=156, 415.5525pt x 438.8897pt>
File: images/login_page/login_7.png Graphic file (type png)
<use images/login_page/login_7.png>
Package pdftex.def Info: images/login_page/login_7.png  used on input line 67.
(pdftex.def)             Requested size: 261.36913pt x 276.05997pt.
) [5 <./images/login_page/login_7.png>]
\openout2 = `chapter2.aux'.

 (chapter2.tex
<images/generation_qr_nqr/Screenshot (28).png, id=163, 745.28438pt x 512.66531p
t>
File: images/generation_qr_nqr/Screenshot (28).png Graphic file (type png)
<use images/generation_qr_nqr/Screenshot (28).png>
Package pdftex.def Info: images/generation_qr_nqr/Screenshot (28).png  used on 
input line 8.
(pdftex.def)             Requested size: 326.70808pt x 224.72858pt.
 [6




 <./images/generation_qr_nqr/Screenshot (28).png>]
<images/generation_qr_nqr/Screenshot (29).png, id=170, 712.91344pt x 396.7322pt
>
File: images/generation_qr_nqr/Screenshot (29).png Graphic file (type png)
<use images/generation_qr_nqr/Screenshot (29).png>
Package pdftex.def Info: images/generation_qr_nqr/Screenshot (29).png  used on 
input line 18.
(pdftex.def)             Requested size: 370.27182pt x 206.05373pt.
<images/generation_qr_nqr/Screenshot (30).png, id=171, 707.64375pt x 390.70969p
t>
File: images/generation_qr_nqr/Screenshot (30).png Graphic file (type png)
<use images/generation_qr_nqr/Screenshot (30).png>
Package pdftex.def Info: images/generation_qr_nqr/Screenshot (30).png  used on 
input line 25.
(pdftex.def)             Requested size: 370.27182pt x 204.44005pt.
 [7 <./images/generation_qr_nqr/Screenshot (29).png> <./images/generation_qr_nq
r/Screenshot (30).png>]
<images/generation_qr_nqr/Screenshot (31).png, id=181, 283.0575pt x 137.01187pt
>
File: images/generation_qr_nqr/Screenshot (31).png Graphic file (type png)
<use images/generation_qr_nqr/Screenshot (31).png>
Package pdftex.def Info: images/generation_qr_nqr/Screenshot (31).png  used on 
input line 40.
(pdftex.def)             Requested size: 217.80539pt x 105.43047pt.
<images/generation_qr_nqr/Screenshot (33).png, id=182, 462.97969pt x 306.39468p
t>
File: images/generation_qr_nqr/Screenshot (33).png Graphic file (type png)
<use images/generation_qr_nqr/Screenshot (33).png>
Package pdftex.def Info: images/generation_qr_nqr/Screenshot (33).png  used on 
input line 46.
(pdftex.def)             Requested size: 283.14435pt x 187.38202pt.
<images/generation_qr_nqr/Screenshot (34).png, id=183, 344.78813pt x 148.30406p
t>
File: images/generation_qr_nqr/Screenshot (34).png Graphic file (type png)
<use images/generation_qr_nqr/Screenshot (34).png>
Package pdftex.def Info: images/generation_qr_nqr/Screenshot (34).png  used on 
input line 52.
(pdftex.def)             Requested size: 217.80539pt x 93.68549pt.
 [8 <./images/generation_qr_nqr/Screenshot (31).png> <./images/generation_qr_nq
r/Screenshot (33).png> <./images/generation_qr_nqr/Screenshot (34).png>]
<images/generation_qr_nqr/Screenshot (37).png, id=195, 714.41907pt x 456.95718p
t>
File: images/generation_qr_nqr/Screenshot (37).png Graphic file (type png)
<use images/generation_qr_nqr/Screenshot (37).png>
Package pdftex.def Info: images/generation_qr_nqr/Screenshot (37).png  used on 
input line 67.
(pdftex.def)             Requested size: 370.27182pt x 236.83119pt.
<images/generation_qr_nqr/Screenshot (38).png, id=196, 707.64375pt x 395.22656p
t>
File: images/generation_qr_nqr/Screenshot (38).png Graphic file (type png)
<use images/generation_qr_nqr/Screenshot (38).png>
Package pdftex.def Info: images/generation_qr_nqr/Screenshot (38).png  used on 
input line 74.
(pdftex.def)             Requested size: 392.04704pt x 218.96736pt.
 [9 <./images/generation_qr_nqr/Screenshot (37).png> <./images/generation_qr_nq
r/Screenshot (38).png>]
<images/generation_qr_nqr/Screenshot (39).png, id=207, 282.30469pt x 118.19156p
t>
File: images/generation_qr_nqr/Screenshot (39).png Graphic file (type png)
<use images/generation_qr_nqr/Screenshot (39).png>
Package pdftex.def Info: images/generation_qr_nqr/Screenshot (39).png  used on 
input line 90.
(pdftex.def)             Requested size: 261.36913pt x 109.43369pt.
<images/generation_qr_nqr/Screenshot (99).png, id=208, 688.07062pt x 177.66376p
t>
File: images/generation_qr_nqr/Screenshot (99).png Graphic file (type png)
<use images/generation_qr_nqr/Screenshot (99).png>
Package pdftex.def Info: images/generation_qr_nqr/Screenshot (99).png  used on 
input line 98.
(pdftex.def)             Requested size: 304.92622pt x 78.73344pt.
<images/generation_qr_nqr/Screenshot (51).png, id=209, 581.17125pt x 182.93344p
t>
File: images/generation_qr_nqr/Screenshot (51).png Graphic file (type png)
<use images/generation_qr_nqr/Screenshot (51).png>
Package pdftex.def Info: images/generation_qr_nqr/Screenshot (51).png  used on 
input line 104.
(pdftex.def)             Requested size: 304.92622pt x 95.98286pt.
<images/generation_qr_nqr/Screenshot (41).png, id=210, 651.18282pt x 155.83218p
t>
File: images/generation_qr_nqr/Screenshot (41).png Graphic file (type png)
<use images/generation_qr_nqr/Screenshot (41).png>
Package pdftex.def Info: images/generation_qr_nqr/Screenshot (41).png  used on 
input line 112.
(pdftex.def)             Requested size: 304.92622pt x 72.97244pt.
 [10 <./images/generation_qr_nqr/Screenshot (39).png> <./images/generation_qr_n
qr/Screenshot (99).png> <./images/generation_qr_nqr/Screenshot (51).png> <./ima
ges/generation_qr_nqr/Screenshot (41).png>]
<images/generation_qr_nqr/Screenshot (56).png, id=225, 563.85657pt x 488.57532p
t>
File: images/generation_qr_nqr/Screenshot (56).png Graphic file (type png)
<use images/generation_qr_nqr/Screenshot (56).png>
Package pdftex.def Info: images/generation_qr_nqr/Screenshot (56).png  used on 
input line 129.
(pdftex.def)             Requested size: 283.14435pt x 245.34567pt.
<images/generation_qr_nqr/Screenshot (54).png, id=226, 1170.62344pt x 685.05937
pt>
File: images/generation_qr_nqr/Screenshot (54).png Graphic file (type png)
<use images/generation_qr_nqr/Screenshot (54).png>
Package pdftex.def Info: images/generation_qr_nqr/Screenshot (54).png  used on 
input line 136.
(pdftex.def)             Requested size: 348.48996pt x 203.94096pt.
 [11 <./images/generation_qr_nqr/Screenshot (56).png> <./images/generation_qr_n
qr/Screenshot (54).png>]
<images/generation_qr_nqr/Screenshot (57).png, id=236, 542.025pt x 152.82094pt>

File: images/generation_qr_nqr/Screenshot (57).png Graphic file (type png)
<use images/generation_qr_nqr/Screenshot (57).png>
Package pdftex.def Info: images/generation_qr_nqr/Screenshot (57).png  used on 
input line 151.
(pdftex.def)             Requested size: 370.27182pt x 104.39954pt.
<images/generation_qr_nqr/Screenshot (42).png, id=237, 599.23875pt x 619.56468p
t>
File: images/generation_qr_nqr/Screenshot (42).png Graphic file (type png)
<use images/generation_qr_nqr/Screenshot (42).png>
Package pdftex.def Info: images/generation_qr_nqr/Screenshot (42).png  used on 
input line 157.
(pdftex.def)             Requested size: 370.27182pt x 382.84041pt.
 [12 <./images/generation_qr_nqr/Screenshot (57).png> <./images/generation_qr_n
qr/Screenshot (42).png>]
<images/generation_qr_nqr/Screenshot (43).png, id=247, 590.95781pt x 621.07031p
t>
File: images/generation_qr_nqr/Screenshot (43).png Graphic file (type png)
<use images/generation_qr_nqr/Screenshot (43).png>
Package pdftex.def Info: images/generation_qr_nqr/Screenshot (43).png  used on 
input line 170.
(pdftex.def)             Requested size: 304.92622pt x 320.46603pt.
<images/generation_qr_nqr/Screenshot (44).png, id=248, 944.02687pt x 621.07031p
t>
File: images/generation_qr_nqr/Screenshot (44).png Graphic file (type png)
<use images/generation_qr_nqr/Screenshot (44).png>
Package pdftex.def Info: images/generation_qr_nqr/Screenshot (44).png  used on 
input line 176.
(pdftex.def)             Requested size: 304.92622pt x 200.61348pt.
<images/generation_qr_nqr/Screenshot (59).png, id=249, 733.99219pt x 490.83376p
t>
File: images/generation_qr_nqr/Screenshot (59).png Graphic file (type png)
<use images/generation_qr_nqr/Screenshot (59).png>
Package pdftex.def Info: images/generation_qr_nqr/Screenshot (59).png  used on 
input line 182.
(pdftex.def)             Requested size: 392.04704pt x 262.1703pt.

[13 <./images/generation_qr_nqr/Screenshot (43).png> <./images/generation_qr_nq
r/Screenshot (44).png>]
<images/generation_qr_nqr/Screenshot (48).png, id=258, 539.01375pt x 105.39375p
t>
File: images/generation_qr_nqr/Screenshot (48).png Graphic file (type png)
<use images/generation_qr_nqr/Screenshot (48).png>
Package pdftex.def Info: images/generation_qr_nqr/Screenshot (48).png  used on 
input line 195.
(pdftex.def)             Requested size: 304.92622pt x 59.62315pt.
<images/generation_qr_nqr/Screenshot (49).png, id=259, 633.86812pt x 122.70844p
t>
File: images/generation_qr_nqr/Screenshot (49).png Graphic file (type png)
<use images/generation_qr_nqr/Screenshot (49).png>
Package pdftex.def Info: images/generation_qr_nqr/Screenshot (49).png  used on 
input line 201.
(pdftex.def)             Requested size: 304.92622pt x 59.03044pt.
) [14 <./images/generation_qr_nqr/Screenshot (59).png> <./images/generation_qr_
nqr/Screenshot (48).png> <./images/generation_qr_nqr/Screenshot (49).png>]
\openout2 = `chapter3.aux'.

 (chapter3.tex
<images/image_on_cert/Screenshot (84).png, id=270, 289.08pt x 90.3375pt>
File: images/image_on_cert/Screenshot (84).png Graphic file (type png)
<use images/image_on_cert/Screenshot (84).png>
Package pdftex.def Info: images/image_on_cert/Screenshot (84).png  used on inpu
t line 11.
(pdftex.def)             Requested size: 304.92622pt x 95.29411pt.
<images/image_on_cert/Screenshot (93).png, id=271, 702.37407pt x 395.97937pt>
File: images/image_on_cert/Screenshot (93).png Graphic file (type png)
<use images/image_on_cert/Screenshot (93).png>
Package pdftex.def Info: images/image_on_cert/Screenshot (93).png  used on inpu
t line 16.
(pdftex.def)             Requested size: 370.27182pt x 208.75632pt.
<images/image_on_cert/Screenshot (94).png, id=272, 705.38531pt x 396.7322pt>
File: images/image_on_cert/Screenshot (94).png Graphic file (type png)
<use images/image_on_cert/Screenshot (94).png>
Package pdftex.def Info: images/image_on_cert/Screenshot (94).png  used on inpu
t line 21.
(pdftex.def)             Requested size: 348.48996pt x 196.00468pt.
<images/image_on_cert/Screenshot (85).png, id=273, 700.86844pt x 142.28156pt>
File: images/image_on_cert/Screenshot (85).png Graphic file (type png)
<use images/image_on_cert/Screenshot (85).png>
Package pdftex.def Info: images/image_on_cert/Screenshot (85).png  used on inpu
t line 26.
(pdftex.def)             Requested size: 326.70808pt x 66.32523pt.
 [15




 <./images/image_on_cert/Screenshot (84).png> <./images/image_on_cert/Screensho
t (93).png>]
<images/image_on_cert/Screenshot (89).png, id=283, 560.8453pt x 317.68687pt>
File: images/image_on_cert/Screenshot (89).png Graphic file (type png)
<use images/image_on_cert/Screenshot (89).png>
Package pdftex.def Info: images/image_on_cert/Screenshot (89).png  used on inpu
t line 31.
(pdftex.def)             Requested size: 304.92622pt x 172.72144pt.
<images/image_on_cert/Screenshot (95).png, id=284, 1428.08531pt x 759.58781pt>
File: images/image_on_cert/Screenshot (95).png Graphic file (type png)
<use images/image_on_cert/Screenshot (95).png>
Package pdftex.def Info: images/image_on_cert/Screenshot (95).png  used on inpu
t line 36.
(pdftex.def)             Requested size: 326.70808pt x 173.77429pt.
 [16 <./images/image_on_cert/Screenshot (94).png> <./images/image_on_cert/Scree
nshot (85).png> <./images/image_on_cert/Screenshot (89).png> <./images/image_on
_cert/Screenshot (95).png>]
<images/image_on_cert/Screenshot (90).png, id=297, 622.57594pt x 192.72pt>
File: images/image_on_cert/Screenshot (90).png Graphic file (type png)
<use images/image_on_cert/Screenshot (90).png>
Package pdftex.def Info: images/image_on_cert/Screenshot (90).png  used on inpu
t line 48.
(pdftex.def)             Requested size: 326.70808pt x 101.13245pt.
<images/image_on_cert/Screenshot (91).png, id=298, 556.32843pt x 331.2375pt>
File: images/image_on_cert/Screenshot (91).png Graphic file (type png)
<use images/image_on_cert/Screenshot (91).png>
Package pdftex.def Info: images/image_on_cert/Screenshot (91).png  used on inpu
t line 53.
(pdftex.def)             Requested size: 326.70808pt x 194.52371pt.
<images/image_on_cert/Screenshot (96).png, id=299, 740.7675pt x 525.46312pt>
File: images/image_on_cert/Screenshot (96).png Graphic file (type png)
<use images/image_on_cert/Screenshot (96).png>
Package pdftex.def Info: images/image_on_cert/Screenshot (96).png  used on inpu
t line 58.
(pdftex.def)             Requested size: 326.70808pt x 231.7497pt.
<images/image_on_cert/Newton_0.png, id=300, 3523.1625pt x 2490.30376pt>
File: images/image_on_cert/Newton_0.png Graphic file (type png)
<use images/image_on_cert/Newton_0.png>
Package pdftex.def Info: images/image_on_cert/Newton_0.png  used on input line 
64.
(pdftex.def)             Requested size: 413.82892pt x 292.47774pt.

[17 <./images/image_on_cert/Screenshot (90).png> <./images/image_on_cert/Screen
shot (91).png> <./images/image_on_cert/Screenshot (96).png>]
Underfull \hbox (badness 10000) in paragraph at lines 68--69

 []

) [18 <./images/image_on_cert/Newton_0.png (PNG copy)>]
\openout2 = `chapter4.aux'.

 (chapter4.tex
<images/generation_qr_nqr/Screenshot (68).png, id=316, 748.29562pt x 516.42938p
t>
File: images/generation_qr_nqr/Screenshot (68).png Graphic file (type png)
<use images/generation_qr_nqr/Screenshot (68).png>
Package pdftex.def Info: images/generation_qr_nqr/Screenshot (68).png  used on 
input line 15.
(pdftex.def)             Requested size: 413.82892pt x 285.59729pt.
 [19




 <./images/generation_qr_nqr/Screenshot (68).png>]
<images/generation_qr_nqr/Screenshot (67).png, id=323, 618.05907pt x 170.88844p
t>
File: images/generation_qr_nqr/Screenshot (67).png Graphic file (type png)
<use images/generation_qr_nqr/Screenshot (67).png>
Package pdftex.def Info: images/generation_qr_nqr/Screenshot (67).png  used on 
input line 33.
(pdftex.def)             Requested size: 348.48996pt x 96.35657pt.
<images/generation_qr_nqr/Screenshot (65).png, id=324, 749.04843pt x 524.71031p
t>
File: images/generation_qr_nqr/Screenshot (65).png Graphic file (type png)
<use images/generation_qr_nqr/Screenshot (65).png>
Package pdftex.def Info: images/generation_qr_nqr/Screenshot (65).png  used on 
input line 39.
(pdftex.def)             Requested size: 383.33961pt x 268.53546pt.
 [20 <./images/generation_qr_nqr/Screenshot (67).png> <./images/generation_qr_n
qr/Screenshot (65).png>]
<images/generation_qr_nqr/Screenshot (72).png, id=333, 748.29562pt x 522.45187p
t>
File: images/generation_qr_nqr/Screenshot (72).png Graphic file (type png)
<use images/generation_qr_nqr/Screenshot (72).png>
Package pdftex.def Info: images/generation_qr_nqr/Screenshot (72).png  used on 
input line 56.
(pdftex.def)             Requested size: 326.70808pt x 228.10178pt.
<images/generation_qr_nqr/Screenshot (73).png, id=334, 748.29562pt x 527.72156p
t>
File: images/generation_qr_nqr/Screenshot (73).png Graphic file (type png)
<use images/generation_qr_nqr/Screenshot (73).png>
Package pdftex.def Info: images/generation_qr_nqr/Screenshot (73).png  used on 
input line 62.
(pdftex.def)             Requested size: 326.70808pt x 230.40253pt.
<images/generation_qr_nqr/Screenshot (74).png, id=335, 604.50844pt x 117.43875p
t>
File: images/generation_qr_nqr/Screenshot (74).png Graphic file (type png)
<use images/generation_qr_nqr/Screenshot (74).png>
Package pdftex.def Info: images/generation_qr_nqr/Screenshot (74).png  used on 
input line 75.
(pdftex.def)             Requested size: 392.04704pt x 76.16403pt.
 [21 <./images/generation_qr_nqr/Screenshot (72).png> <./images/generation_qr_n
qr/Screenshot (73).png>]) [22 <./images/generation_qr_nqr/Screenshot (74).png>]
\openout2 = `chapter5.aux'.


(chapter5.tex
<images/generation_qr_nqr/Screenshot (76).png, id=351, 580.41844pt x 328.97906p
t>
File: images/generation_qr_nqr/Screenshot (76).png Graphic file (type png)
<use images/generation_qr_nqr/Screenshot (76).png>
Package pdftex.def Info: images/generation_qr_nqr/Screenshot (76).png  used on 
input line 10.
(pdftex.def)             Requested size: 370.27182pt x 209.8682pt.
<images/generation_qr_nqr/Screenshot (77).png, id=352, 707.64375pt x 392.96812p
t>
File: images/generation_qr_nqr/Screenshot (77).png Graphic file (type png)
<use images/generation_qr_nqr/Screenshot (77).png>
Package pdftex.def Info: images/generation_qr_nqr/Screenshot (77).png  used on 
input line 18.
(pdftex.def)             Requested size: 370.27182pt x 205.62178pt.
 [23




 <./images/generation_qr_nqr/Screenshot (76).png> <./images/generation_qr_nqr/S
creenshot (77).png>]
<images/generation_qr_nqr/Screenshot (78).png, id=361, 703.87968pt x 393.72093p
t>
File: images/generation_qr_nqr/Screenshot (78).png Graphic file (type png)
<use images/generation_qr_nqr/Screenshot (78).png>
Package pdftex.def Info: images/generation_qr_nqr/Screenshot (78).png  used on 
input line 29.
(pdftex.def)             Requested size: 413.82892pt x 231.47629pt.
<images/generation_qr_nqr/Screenshot (79).png, id=362, 492.33937pt x 103.88812p
t>
File: images/generation_qr_nqr/Screenshot (79).png Graphic file (type png)
<use images/generation_qr_nqr/Screenshot (79).png>
Package pdftex.def Info: images/generation_qr_nqr/Screenshot (79).png  used on 
input line 36.
(pdftex.def)             Requested size: 326.70808pt x 68.94048pt.
 [24 <./images/generation_qr_nqr/Screenshot (78).png> <./images/generation_qr_n
qr/Screenshot (79).png>]
<images/generation_qr_nqr/Screenshot (82).png, id=371, 901.11656pt x 494.59781p
t>
File: images/generation_qr_nqr/Screenshot (82).png Graphic file (type png)
<use images/generation_qr_nqr/Screenshot (82).png>
Package pdftex.def Info: images/generation_qr_nqr/Screenshot (82).png  used on 
input line 48.
(pdftex.def)             Requested size: 348.48996pt x 191.27731pt.
<images/generation_qr_nqr/Screenshot (83).png, id=372, 193.47281pt x 269.50688p
t>
File: images/generation_qr_nqr/Screenshot (83).png Graphic file (type png)
<use images/generation_qr_nqr/Screenshot (83).png>
Package pdftex.def Info: images/generation_qr_nqr/Screenshot (83).png  used on 
input line 55.
(pdftex.def)             Requested size: 174.24165pt x 242.71843pt.
) [25 <./images/generation_qr_nqr/Screenshot (82).png> <./images/generation_qr_
nqr/Screenshot (83).png>]
\openout2 = `chapter6.aux'.

 (chapter6.tex
<images/generation_qr_nqr/Nidhin K Biju.png, id=381, 3523.1625pt x 2492.31125pt
>
File: images/generation_qr_nqr/Nidhin K Biju.png Graphic file (type png)
<use images/generation_qr_nqr/Nidhin K Biju.png>
Package pdftex.def Info: images/generation_qr_nqr/Nidhin K Biju.png  used on in
put line 7.
(pdftex.def)             Requested size: 348.48996pt x 246.5076pt.
<images/generation_qr_nqr/Screenshot (64).png, id=382, 590.205pt x 451.6875pt>
File: images/generation_qr_nqr/Screenshot (64).png Graphic file (type png)
<use images/generation_qr_nqr/Screenshot (64).png>
Package pdftex.def Info: images/generation_qr_nqr/Screenshot (64).png  used on 
input line 12.
(pdftex.def)             Requested size: 261.36913pt x 200.03194pt.
<images/generation_qr_nqr/Dr Andhe Pallavi.png, id=383, 3523.1625pt x 2492.3112
5pt>
File: images/generation_qr_nqr/Dr Andhe Pallavi.png Graphic file (type png)
<use images/generation_qr_nqr/Dr Andhe Pallavi.png>
Package pdftex.def Info: images/generation_qr_nqr/Dr Andhe Pallavi.png  used on
 input line 21.
(pdftex.def)             Requested size: 348.48996pt x 246.5076pt.
<images/generation_qr_nqr/Screenshot (63).png, id=384, 585.68813pt x 456.20438p
t>
File: images/generation_qr_nqr/Screenshot (63).png Graphic file (type png)
<use images/generation_qr_nqr/Screenshot (63).png>
Package pdftex.def Info: images/generation_qr_nqr/Screenshot (63).png  used on 
input line 26.
(pdftex.def)             Requested size: 261.36913pt x 203.59155pt.
 [26




 <./images/generation_qr_nqr/Nidhin K Biju.png (PNG copy)> <./images/generation
_qr_nqr/Screenshot (64).png>]) [27 <./images/generation_qr_nqr/Dr Andhe Pallavi
.png (PNG copy)> <./images/generation_qr_nqr/Screenshot (63).png>]
\openout2 = `appendix.aux'.

 (appendix.tex
<images/generation_qr_nqr/Screenshot (102).png, id=400, 92.59593pt x 84.315pt>
File: images/generation_qr_nqr/Screenshot (102).png Graphic file (type png)
<use images/generation_qr_nqr/Screenshot (102).png>
Package pdftex.def Info: images/generation_qr_nqr/Screenshot (102).png  used on
 input line 7.
(pdftex.def)             Requested size: 152.46643pt x 138.83324pt.
<images/generation_qr_nqr/Screenshot (103).png, id=401, 271.0125pt x 131.74219p
t>
File: images/generation_qr_nqr/Screenshot (103).png Graphic file (type png)
<use images/generation_qr_nqr/Screenshot (103).png>
Package pdftex.def Info: images/generation_qr_nqr/Screenshot (103).png  used on
 input line 15.
(pdftex.def)             Requested size: 326.70808pt x 158.82153pt.
) [28




 <./images/generation_qr_nqr/Screenshot (102).png> <./images/generation_qr_nqr/
Screenshot (103).png>]
\tf@toc=\write5
\openout5 = `report.toc'.

 (report.aux (title.aux)
(copyright.aux) (preface.aux) (acknowledge.aux) (introduction.aux)
(chapter2.aux) (chapter3.aux) (chapter4.aux) (chapter5.aux) (chapter6.aux)
(appendix.aux))

LaTeX Font Warning: Size substitutions with differences
(Font)              up to 5.12pt have occurred.

Package rerunfilecheck Info: File `report.out' has not changed.
(rerunfilecheck)             Checksum: 60B7052FE838B82D3F1C94DCB7DF41C2;1085.
 ) 
Here is how much of TeX's memory you used:
 15570 strings out of 479618
 246754 string characters out of 2881546
 753552 words of memory out of 3000000
 32252 multiletter control sequences out of 15000+200000
 413506 words of font info for 60 fonts, out of 3000000 for 9000
 1141 hyphenation exceptions out of 8191
 81i,14n,89p,561b,433s stack positions out of 5000i,500n,10000p,200000b,50000s
 <C:\Users\vivek\AppData\Local\MiKTeX\fonts/pk/ljfour/jknappen/ec/dpi600\tcrm
1440.pk> <C:\Users\vivek\AppData\Local\MiKTeX\fonts/pk/ljfour/jknappen/ec/dpi60
0\tcrm1200.pk><E:/MiKTeX/fonts/type1/public/amsfonts/cm/cmbx12.pfb><E:/MiKTeX/f
onts/type1/public/amsfonts/cm/cmbxti10.pfb><E:/MiKTeX/fonts/type1/public/amsfon
ts/cm/cmmi10.pfb><E:/MiKTeX/fonts/type1/public/amsfonts/cm/cmmi8.pfb><E:/MiKTeX
/fonts/type1/public/amsfonts/cm/cmr10.pfb><E:/MiKTeX/fonts/type1/public/amsfont
s/cm/cmr12.pfb><E:/MiKTeX/fonts/type1/public/amsfonts/cm/cmsy10.pfb><E:/MiKTeX/
fonts/type1/public/amsfonts/cm/cmti12.pfb>
Output written on report.pdf (32 pages, 18449744 bytes).
PDF statistics:
 470 PDF objects out of 1000 (max. 8388607)
 112 named destinations out of 1000 (max. 500000)
 430 words of extra memory for PDF output out of 10000 (max. 10000000)

